[INFO ] 2024-10-04 13:30:56.952 [main] DebugServer - Starting debug server.
[INFO ] 2024-10-04 13:30:56.953 [main] DebugServer - Starting debug server on port 60001 with 4 threads.
[INFO ] 2024-10-04 13:30:57.368 [main] DebugServer - Debug server was started and listening on port 60001.
[INFO ] 2024-10-04 13:30:57.368 [main] DebugServer - Debug server started.
[INFO ] 2024-10-04 13:30:58.302 [main] c.e.g.a.s.r.CryptoManager - Current security provider list: SUN, SunRsaSign, SunEC, SunJSSE, SunJCE, SunJGSS, SunSASL, XMLDSig, SunPCSC, JdkLDAP, JdkSASL, SunMSCAPI, SunPKCS11
[INFO ] 2024-10-04 13:30:58.318 [main] c.e.g.a.s.r.CryptoManager - New security provider list: SUN, SunRsaSign, SunEC, SunJSSE, SunJCE, SunJGSS, SunSASL, XMLDSig, SunPCSC, JdkLDAP, JdkSASL, SunMSCAPI, SunPKCS11
[INFO ] 2024-10-04 13:30:58.518 [main] c.e.g.a.s.r.SystemCertificatesReader - Loaded certificates with aliases: [T8-8361.T8.CORP, GlobalSign Code Signing Root R45, Go Daddy Root Certificate Authority  G, Sectigo (formerly Comodo CA), DigiCert (2), Local NetFlt CA 3, DigiCert Baltimore Root, ISRG Root X1, Sectigo (AddTrust), Certum Trusted Network CA, Microsoft Authenticode(tm) Root, T8-AD-CA, GlobalSign Root CA - R6, GlobalSign Root CA - R3, GlobalSign Root CA - R1, TWCA Global Root CA, VeriSign Class 3 Public Primary CA, VeriSign Time Stamping CA, GlobalSign ECC Root CA - R5, QuoVadis Root Certification Authority, SECOM Trust Systems Co Ltd., Entrust (2048), Microsoft RSA Root Certificate Authority 2017, Certum Trusted Network CA 2, Entrust.net, Symantec Enterprise Mobile Root for Microsoft, Microsoft Root Certificate Authority, Microsoft ECC Product Root Certificate Authority 2018, Microsoft Time Stamp Root Certificate Authority 2014, Hellenic Academic and Research Institutions RootCA 2015, Go Daddy Class 2 Certification Authority, DigiCert Trusted Root G4, Symfony T8\kudashkin@T8-8361 (Êóäàøêèí Ñåðãåé Èâàíîâè÷), thawte, DigiCert CS RSA4096 Root G5, Kaspersky Endpoint Security Personal Certification Authority, Sectigo (AAA), DST Root CA X3, StartCom Certification Authority, Sectigo (UTN Object), VeriSign, Microsoft ECC TS Root Certificate Authority 2018, Starfield Class 2 Certification Authority, HARICA TLS RSA Root CA 2021, Thawte Timestamping CA, Actalis Authentication Root CA, T8-CA, SSL.com Root Certification Authority RSA, DigiCert, Microsoft Root Certificate Authority 2011, Sectigo, Hotspot 2.0 Trust Root CA - 03, AD-CS, WoSign, Microsoft Timestamp Root, T8-AD-CS-CA, DigiCert Global Root G2, Microsoft Root Authority, DigiCert (1), DigiCert Global Root G3, Trustwave, VeriSign Universal Root Certification Authority, Microsoft Root Certificate Authority 2010, Starfield Root Certificate Authority  G]
[INFO ] 2024-10-04 13:30:59.147 [Debugger-worker-4-2] DebugServer - Authentication of debug client succeed. applicationId=937c184f-160f-47fd-8cf4-b6b0a4a62a21
[INFO ] 2024-10-04 13:30:59.147 [Debugger-worker-4-2] DebugServer - Got applicationId=937c184f-160f-47fd-8cf4-b6b0a4a62a21 for debug from PaaS
[INFO ] 2024-10-04 13:30:59.147 [Debugger-worker-4-2] DebugServer - Registering a new session with id=b6ef30c9-13b0-464c-9769-74e5542d6d79 and appId=937c184f-160f-47fd-8cf4-b6b0a4a62a21
[INFO ] 2024-10-04 13:30:59.147 [Debugger-worker-4-2] DebugServer - Session with id=b6ef30c9-13b0-464c-9769-74e5542d6d79 for appId=937c184f-160f-47fd-8cf4-b6b0a4a62a21 created.
[INFO ] 2024-10-04 13:30:59.571 [main] DebugServer - Stopping debug server.
[INFO ] 2024-10-04 13:30:59.571 [main] DebugServer - Shutting down connections.
[INFO ] 2024-10-04 13:30:59.789 [Debugger-worker-4-2] DebugServer - Session shutdown successfully: sessionId=b6ef30c9-13b0-464c-9769-74e5542d6d79
[INFO ] 2024-10-04 13:30:59.789 [Debugger-worker-4-2] DebugServer - Channel to Debug Client (IDE) is unregistered: sessionId=b6ef30c9-13b0-464c-9769-74e5542d6d79
[INFO ] 2024-10-04 13:30:59.902 [main] DebugServer - Connections shutdown ok.
[INFO ] 2024-10-04 13:30:59.902 [main] DebugServer - Debug server was stopped.
[INFO ] 2024-10-04 13:30:59.902 [main] c.e.g.e.c.i.p.ConsoleExecutionStep - [ExecuteScript]: done!
[INFO ] 2024-10-04 13:31:09.803 [main] DebugServer - Starting debug server.
[INFO ] 2024-10-04 13:31:09.803 [main] DebugServer - Starting debug server on port 60040 with 4 threads.
[INFO ] 2024-10-04 13:31:10.203 [main] DebugServer - Debug server was started and listening on port 60040.
[INFO ] 2024-10-04 13:31:10.203 [main] DebugServer - Debug server started.
[INFO ] 2024-10-04 13:31:11.152 [main] c.e.g.a.s.r.CryptoManager - Current security provider list: SUN, SunRsaSign, SunEC, SunJSSE, SunJCE, SunJGSS, SunSASL, XMLDSig, SunPCSC, JdkLDAP, JdkSASL, SunMSCAPI, SunPKCS11
[INFO ] 2024-10-04 13:31:11.168 [main] c.e.g.a.s.r.CryptoManager - New security provider list: SUN, SunRsaSign, SunEC, SunJSSE, SunJCE, SunJGSS, SunSASL, XMLDSig, SunPCSC, JdkLDAP, JdkSASL, SunMSCAPI, SunPKCS11
[INFO ] 2024-10-04 13:31:11.335 [main] c.e.g.a.s.r.SystemCertificatesReader - Loaded certificates with aliases: [T8-8361.T8.CORP, GlobalSign Code Signing Root R45, Go Daddy Root Certificate Authority  G, Sectigo (formerly Comodo CA), DigiCert (2), Local NetFlt CA 3, DigiCert Baltimore Root, ISRG Root X1, Sectigo (AddTrust), Certum Trusted Network CA, Microsoft Authenticode(tm) Root, T8-AD-CA, GlobalSign Root CA - R6, GlobalSign Root CA - R3, GlobalSign Root CA - R1, TWCA Global Root CA, VeriSign Class 3 Public Primary CA, VeriSign Time Stamping CA, GlobalSign ECC Root CA - R5, QuoVadis Root Certification Authority, SECOM Trust Systems Co Ltd., Entrust (2048), Microsoft RSA Root Certificate Authority 2017, Certum Trusted Network CA 2, Entrust.net, Symantec Enterprise Mobile Root for Microsoft, Microsoft Root Certificate Authority, Microsoft ECC Product Root Certificate Authority 2018, Microsoft Time Stamp Root Certificate Authority 2014, Hellenic Academic and Research Institutions RootCA 2015, Go Daddy Class 2 Certification Authority, DigiCert Trusted Root G4, Symfony T8\kudashkin@T8-8361 (Êóäàøêèí Ñåðãåé Èâàíîâè÷), thawte, DigiCert CS RSA4096 Root G5, Kaspersky Endpoint Security Personal Certification Authority, Sectigo (AAA), DST Root CA X3, StartCom Certification Authority, Sectigo (UTN Object), VeriSign, Microsoft ECC TS Root Certificate Authority 2018, Starfield Class 2 Certification Authority, HARICA TLS RSA Root CA 2021, Thawte Timestamping CA, Actalis Authentication Root CA, T8-CA, SSL.com Root Certification Authority RSA, DigiCert, Microsoft Root Certificate Authority 2011, Sectigo, Hotspot 2.0 Trust Root CA - 03, AD-CS, WoSign, Microsoft Timestamp Root, T8-AD-CS-CA, DigiCert Global Root G2, Microsoft Root Authority, DigiCert (1), DigiCert Global Root G3, Trustwave, VeriSign Universal Root Certification Authority, Microsoft Root Certificate Authority 2010, Starfield Root Certificate Authority  G]
[INFO ] 2024-10-04 13:31:11.779 [Debugger-worker-4-2] DebugServer - Authentication of debug client succeed. applicationId=4b6af447-a436-4f90-ab33-37c89afe70b8
[INFO ] 2024-10-04 13:31:11.794 [Debugger-worker-4-2] DebugServer - Got applicationId=4b6af447-a436-4f90-ab33-37c89afe70b8 for debug from PaaS
[INFO ] 2024-10-04 13:31:11.794 [Debugger-worker-4-2] DebugServer - Registering a new session with id=dbe3e117-43ea-4204-a835-6b22fb2d0e96 and appId=4b6af447-a436-4f90-ab33-37c89afe70b8
[INFO ] 2024-10-04 13:31:11.794 [Debugger-worker-4-2] DebugServer - Session with id=dbe3e117-43ea-4204-a835-6b22fb2d0e96 for appId=4b6af447-a436-4f90-ab33-37c89afe70b8 created.
[INFO ] 2024-10-04 13:31:12.153 [main] DebugServer - Stopping debug server.
[INFO ] 2024-10-04 13:31:12.153 [main] DebugServer - Shutting down connections.
[INFO ] 2024-10-04 13:31:12.369 [Debugger-worker-4-2] DebugServer - Session shutdown successfully: sessionId=dbe3e117-43ea-4204-a835-6b22fb2d0e96
[INFO ] 2024-10-04 13:31:12.369 [Debugger-worker-4-2] DebugServer - Channel to Debug Client (IDE) is unregistered: sessionId=dbe3e117-43ea-4204-a835-6b22fb2d0e96
[INFO ] 2024-10-04 13:31:12.470 [main] DebugServer - Connections shutdown ok.
[INFO ] 2024-10-04 13:31:12.470 [main] DebugServer - Debug server was stopped.
[INFO ] 2024-10-04 13:31:12.470 [main] c.e.g.e.c.i.p.ConsoleExecutionStep - [ExecuteScript]: done!
