[INFO ] 2025-02-03 16:34:44.701 [main] c.e.g.a.s.r.CryptoManager - Current security provider list: SUN, SunRsaSign, SunEC, SunJSSE, SunJCE, SunJGSS, SunSASL, XMLDSig, SunPCSC, JdkLDAP, JdkSASL, SunMSCAPI, SunPKCS11
[INFO ] 2025-02-03 16:34:44.707 [main] c.e.g.a.s.r.CryptoManager - New security provider list: SUN, SunRsaSign, SunEC, SunJSSE, SunJCE, SunJGSS, SunSASL, XMLDSig, SunPCSC, JdkLDAP, JdkSASL, SunMSCAPI, SunPKCS11
[INFO ] 2025-02-03 16:34:44.921 [main] c.e.g.a.s.r.SystemCertificatesReader - Loaded certificates with aliases: [T8-8361.T8.CORP, GlobalSign Code Signing Root R45, Go Daddy Root Certificate Authority  G, Sectigo (formerly Comodo CA), DigiCert (2), Local NetFlt CA 3, DigiCert Baltimore Root, ISRG Root X1, Sectigo (AddTrust), Certum Trusted Network CA, Microsoft Authenticode(tm) Root, T8-AD-CA, GlobalSign Root CA - R6, GlobalSign Root CA - R3, GlobalSign Root CA - R1, TWCA Global Root CA, VeriSign Class 3 Public Primary CA, VeriSign Time Stamping CA, CFCA EV ROOT, GlobalSign ECC Root CA - R5, QuoVadis Root Certification Authority, SECOM Trust Systems Co Ltd., Entrust (2048), Microsoft RSA Root Certificate Authority 2017, Certum Trusted Network CA 2, Entrust.net, Symantec Enterprise Mobile Root for Microsoft, Microsoft Root Certificate Authority, Microsoft ECC Product Root Certificate Authority 2018, Microsoft Time Stamp Root Certificate Authority 2014, Hellenic Academic and Research Institutions RootCA 2015, Go Daddy Class 2 Certification Authority, DigiCert Trusted Root G4, Symfony T8\kudashkin@T8-8361 (Êóäàøêèí Ñåðãåé Èâàíîâè÷), thawte, DigiCert CS RSA4096 Root G5, Kaspersky Endpoint Security Personal Certification Authority, Sectigo (AAA), DST Root CA X3, StartCom Certification Authority, Sectigo (UTN Object), VeriSign, Microsoft ECC TS Root Certificate Authority 2018, Starfield Class 2 Certification Authority, HARICA TLS RSA Root CA 2021, Thawte Timestamping CA, Actalis Authentication Root CA, T8-CA, SSL.com Root Certification Authority RSA, DigiCert, Microsoft Root Certificate Authority 2011, Sectigo, Hotspot 2.0 Trust Root CA - 03, AD-CS, WoSign, Microsoft Timestamp Root, T8-AD-CS-CA, DigiCert Global Root G2, Microsoft Root Authority, DigiCert (1), DigiCert Global Root G3, Trustwave, VeriSign Universal Root Certification Authority, Microsoft Root Certificate Authority 2010, Starfield Root Certificate Authority  G]
[ERROR] 2025-02-03 16:34:47.133 [main] c.e.g.e.c.i.p.ConsoleExecutionStep - Неожиданный символ "=" в позиции 27:1 509
Scripts::ДанныеССайта.Скрипт[15]
[INFO ] 2025-02-03 16:35:23.465 [main] DebugServer - Starting debug server.
[INFO ] 2025-02-03 16:35:23.465 [main] DebugServer - Starting debug server on port 50269 with 4 threads.
[INFO ] 2025-02-03 16:35:23.864 [main] DebugServer - Debug server was started and listening on port 50269.
[INFO ] 2025-02-03 16:35:23.864 [main] DebugServer - Debug server started.
[INFO ] 2025-02-03 16:35:24.780 [main] c.e.g.a.s.r.CryptoManager - Current security provider list: SUN, SunRsaSign, SunEC, SunJSSE, SunJCE, SunJGSS, SunSASL, XMLDSig, SunPCSC, JdkLDAP, JdkSASL, SunMSCAPI, SunPKCS11
[INFO ] 2025-02-03 16:35:24.796 [main] c.e.g.a.s.r.CryptoManager - New security provider list: SUN, SunRsaSign, SunEC, SunJSSE, SunJCE, SunJGSS, SunSASL, XMLDSig, SunPCSC, JdkLDAP, JdkSASL, SunMSCAPI, SunPKCS11
[INFO ] 2025-02-03 16:35:24.946 [main] c.e.g.a.s.r.SystemCertificatesReader - Loaded certificates with aliases: [T8-8361.T8.CORP, GlobalSign Code Signing Root R45, Go Daddy Root Certificate Authority  G, Sectigo (formerly Comodo CA), DigiCert (2), Local NetFlt CA 3, DigiCert Baltimore Root, ISRG Root X1, Sectigo (AddTrust), Certum Trusted Network CA, Microsoft Authenticode(tm) Root, T8-AD-CA, GlobalSign Root CA - R6, GlobalSign Root CA - R3, GlobalSign Root CA - R1, TWCA Global Root CA, VeriSign Class 3 Public Primary CA, VeriSign Time Stamping CA, CFCA EV ROOT, GlobalSign ECC Root CA - R5, QuoVadis Root Certification Authority, SECOM Trust Systems Co Ltd., Entrust (2048), Microsoft RSA Root Certificate Authority 2017, Certum Trusted Network CA 2, Entrust.net, Symantec Enterprise Mobile Root for Microsoft, Microsoft Root Certificate Authority, Microsoft ECC Product Root Certificate Authority 2018, Microsoft Time Stamp Root Certificate Authority 2014, Hellenic Academic and Research Institutions RootCA 2015, Go Daddy Class 2 Certification Authority, DigiCert Trusted Root G4, Symfony T8\kudashkin@T8-8361 (Êóäàøêèí Ñåðãåé Èâàíîâè÷), thawte, DigiCert CS RSA4096 Root G5, Kaspersky Endpoint Security Personal Certification Authority, Sectigo (AAA), DST Root CA X3, StartCom Certification Authority, Sectigo (UTN Object), VeriSign, Microsoft ECC TS Root Certificate Authority 2018, Starfield Class 2 Certification Authority, HARICA TLS RSA Root CA 2021, Thawte Timestamping CA, Actalis Authentication Root CA, T8-CA, SSL.com Root Certification Authority RSA, DigiCert, Microsoft Root Certificate Authority 2011, Sectigo, Hotspot 2.0 Trust Root CA - 03, AD-CS, WoSign, Microsoft Timestamp Root, T8-AD-CS-CA, DigiCert Global Root G2, Microsoft Root Authority, DigiCert (1), DigiCert Global Root G3, Trustwave, VeriSign Universal Root Certification Authority, Microsoft Root Certificate Authority 2010, Starfield Root Certificate Authority  G]
[INFO ] 2025-02-03 16:35:27.464 [Debugger-worker-4-2] DebugServer - Authentication of debug client succeed. applicationId=32949a97-d54e-4214-bd0b-d2def922643d
[INFO ] 2025-02-03 16:35:27.467 [Debugger-worker-4-2] DebugServer - Got applicationId=32949a97-d54e-4214-bd0b-d2def922643d for debug from PaaS
[INFO ] 2025-02-03 16:35:27.468 [Debugger-worker-4-2] DebugServer - Registering a new session with id=960019b1-e09a-498b-a8a6-a629651bed76 and appId=32949a97-d54e-4214-bd0b-d2def922643d
[INFO ] 2025-02-03 16:35:27.470 [Debugger-worker-4-2] DebugServer - Session with id=960019b1-e09a-498b-a8a6-a629651bed76 for appId=32949a97-d54e-4214-bd0b-d2def922643d created.
[INFO ] 2025-02-03 16:35:27.832 [main] c._.v.s.i.n.Connector - Trying to connect to 1cserver.T8.CORP/192.168.8.59:1545
[INFO ] 2025-02-03 16:35:30.030 [main] DebugServer - Stopping debug server.
[INFO ] 2025-02-03 16:35:30.030 [main] DebugServer - Shutting down connections.
[INFO ] 2025-02-03 16:35:30.247 [Debugger-worker-4-2] DebugServer - Session shutdown successfully: sessionId=960019b1-e09a-498b-a8a6-a629651bed76
[INFO ] 2025-02-03 16:35:30.247 [Debugger-worker-4-2] DebugServer - Channel to Debug Client (IDE) is unregistered: sessionId=960019b1-e09a-498b-a8a6-a629651bed76
[INFO ] 2025-02-03 16:35:30.352 [main] DebugServer - Connections shutdown ok.
[INFO ] 2025-02-03 16:35:30.352 [main] DebugServer - Debug server was stopped.
[INFO ] 2025-02-03 16:35:30.353 [main] c.e.g.e.c.i.p.ConsoleExecutionStep - [ExecuteScript]: done!
