[INFO ] 2024-09-27 13:40:47.607 [main] DebugServer - Starting debug server.
[INFO ] 2024-09-27 13:40:47.611 [main] DebugServer - Starting debug server on port 51243 with 4 threads.
[INFO ] 2024-09-27 13:40:48.051 [main] DebugServer - Debug server was started and listening on port 51243.
[INFO ] 2024-09-27 13:40:48.051 [main] DebugServer - Debug server started.
[INFO ] 2024-09-27 13:40:49.043 [main] c.e.g.a.s.r.CryptoManager - Current security provider list: SUN, SunRsaSign, SunEC, SunJSSE, SunJCE, SunJGSS, SunSASL, XMLDSig, SunPCSC, JdkLDAP, JdkSASL, SunMSCAPI, SunPKCS11
[INFO ] 2024-09-27 13:40:49.050 [main] c.e.g.a.s.r.CryptoManager - New security provider list: SUN, SunRsaSign, SunEC, SunJSSE, SunJCE, SunJGSS, SunSASL, XMLDSig, SunPCSC, JdkLDAP, JdkSASL, SunMSCAPI, SunPKCS11
[INFO ] 2024-09-27 13:40:49.267 [main] c.e.g.a.s.r.SystemCertificatesReader - Loaded certificates with aliases: [T8-8361.T8.CORP, GlobalSign Code Signing Root R45, Go Daddy Root Certificate Authority  G, Sectigo (formerly Comodo CA), DigiCert (2), Local NetFlt CA 3, DigiCert Baltimore Root, ISRG Root X1, Sectigo (AddTrust), Certum Trusted Network CA, Microsoft Authenticode(tm) Root, T8-AD-CA, GlobalSign Root CA - R6, GlobalSign Root CA - R3, GlobalSign Root CA - R1, TWCA Global Root CA, VeriSign Class 3 Public Primary CA, VeriSign Time Stamping CA, GlobalSign ECC Root CA - R5, QuoVadis Root Certification Authority, SECOM Trust Systems Co Ltd., Entrust (2048), Microsoft RSA Root Certificate Authority 2017, Certum Trusted Network CA 2, Entrust.net, Symantec Enterprise Mobile Root for Microsoft, Microsoft Root Certificate Authority, Microsoft ECC Product Root Certificate Authority 2018, Microsoft Time Stamp Root Certificate Authority 2014, Hellenic Academic and Research Institutions RootCA 2015, Go Daddy Class 2 Certification Authority, DigiCert Trusted Root G4, Symfony T8\kudashkin@T8-8361 (Êóäàøêèí Ñåðãåé Èâàíîâè÷), thawte, DigiCert CS RSA4096 Root G5, Kaspersky Endpoint Security Personal Certification Authority, Sectigo (AAA), DST Root CA X3, StartCom Certification Authority, Sectigo (UTN Object), VeriSign, Microsoft ECC TS Root Certificate Authority 2018, Starfield Class 2 Certification Authority, HARICA TLS RSA Root CA 2021, Thawte Timestamping CA, Actalis Authentication Root CA, T8-CA, SSL.com Root Certification Authority RSA, DigiCert, Microsoft Root Certificate Authority 2011, Sectigo, Hotspot 2.0 Trust Root CA - 03, AD-CS, WoSign, Microsoft Timestamp Root, T8-AD-CS-CA, DigiCert Global Root G2, Microsoft Root Authority, DigiCert (1), DigiCert Global Root G3, Trustwave, VeriSign Universal Root Certification Authority, Microsoft Root Certificate Authority 2010, Starfield Root Certificate Authority  G]
[INFO ] 2024-09-27 13:40:50.460 [Debugger-worker-4-2] DebugServer - Authentication of debug client succeed. applicationId=917b8b36-4f00-4d11-ac6d-97659323ad08
[INFO ] 2024-09-27 13:40:50.462 [Debugger-worker-4-2] DebugServer - Got applicationId=917b8b36-4f00-4d11-ac6d-97659323ad08 for debug from PaaS
[INFO ] 2024-09-27 13:40:50.463 [Debugger-worker-4-2] DebugServer - Registering a new session with id=25e8e71f-f646-4ded-8659-826cda6b1646 and appId=917b8b36-4f00-4d11-ac6d-97659323ad08
[INFO ] 2024-09-27 13:40:50.465 [Debugger-worker-4-2] DebugServer - Session with id=25e8e71f-f646-4ded-8659-826cda6b1646 for appId=917b8b36-4f00-4d11-ac6d-97659323ad08 created.
[INFO ] 2024-09-27 13:40:50.887 [main] DebugServer - Stopping debug server.
[INFO ] 2024-09-27 13:40:50.888 [main] DebugServer - Shutting down connections.
[INFO ] 2024-09-27 13:40:51.104 [Debugger-worker-4-2] DebugServer - Session shutdown successfully: sessionId=25e8e71f-f646-4ded-8659-826cda6b1646
[INFO ] 2024-09-27 13:40:51.105 [Debugger-worker-4-2] DebugServer - Channel to Debug Client (IDE) is unregistered: sessionId=25e8e71f-f646-4ded-8659-826cda6b1646
[INFO ] 2024-09-27 13:40:51.211 [main] DebugServer - Connections shutdown ok.
[INFO ] 2024-09-27 13:40:51.212 [main] DebugServer - Debug server was stopped.
[INFO ] 2024-09-27 13:40:51.212 [main] c.e.g.e.c.i.p.ConsoleExecutionStep - [ExecuteScript]: done!
[INFO ] 2024-09-27 13:40:56.901 [main] DebugServer - Starting debug server.
[INFO ] 2024-09-27 13:40:56.903 [main] DebugServer - Starting debug server on port 51288 with 4 threads.
[INFO ] 2024-09-27 13:40:57.332 [main] DebugServer - Debug server was started and listening on port 51288.
[INFO ] 2024-09-27 13:40:57.332 [main] DebugServer - Debug server started.
[INFO ] 2024-09-27 13:40:58.400 [main] c.e.g.a.s.r.CryptoManager - Current security provider list: SUN, SunRsaSign, SunEC, SunJSSE, SunJCE, SunJGSS, SunSASL, XMLDSig, SunPCSC, JdkLDAP, JdkSASL, SunMSCAPI, SunPKCS11
[INFO ] 2024-09-27 13:40:58.408 [main] c.e.g.a.s.r.CryptoManager - New security provider list: SUN, SunRsaSign, SunEC, SunJSSE, SunJCE, SunJGSS, SunSASL, XMLDSig, SunPCSC, JdkLDAP, JdkSASL, SunMSCAPI, SunPKCS11
[INFO ] 2024-09-27 13:40:58.637 [main] c.e.g.a.s.r.SystemCertificatesReader - Loaded certificates with aliases: [T8-8361.T8.CORP, GlobalSign Code Signing Root R45, Go Daddy Root Certificate Authority  G, Sectigo (formerly Comodo CA), DigiCert (2), Local NetFlt CA 3, DigiCert Baltimore Root, ISRG Root X1, Sectigo (AddTrust), Certum Trusted Network CA, Microsoft Authenticode(tm) Root, T8-AD-CA, GlobalSign Root CA - R6, GlobalSign Root CA - R3, GlobalSign Root CA - R1, TWCA Global Root CA, VeriSign Class 3 Public Primary CA, VeriSign Time Stamping CA, GlobalSign ECC Root CA - R5, QuoVadis Root Certification Authority, SECOM Trust Systems Co Ltd., Entrust (2048), Microsoft RSA Root Certificate Authority 2017, Certum Trusted Network CA 2, Entrust.net, Symantec Enterprise Mobile Root for Microsoft, Microsoft Root Certificate Authority, Microsoft ECC Product Root Certificate Authority 2018, Microsoft Time Stamp Root Certificate Authority 2014, Hellenic Academic and Research Institutions RootCA 2015, Go Daddy Class 2 Certification Authority, DigiCert Trusted Root G4, Symfony T8\kudashkin@T8-8361 (Êóäàøêèí Ñåðãåé Èâàíîâè÷), thawte, DigiCert CS RSA4096 Root G5, Kaspersky Endpoint Security Personal Certification Authority, Sectigo (AAA), DST Root CA X3, StartCom Certification Authority, Sectigo (UTN Object), VeriSign, Microsoft ECC TS Root Certificate Authority 2018, Starfield Class 2 Certification Authority, HARICA TLS RSA Root CA 2021, Thawte Timestamping CA, Actalis Authentication Root CA, T8-CA, SSL.com Root Certification Authority RSA, DigiCert, Microsoft Root Certificate Authority 2011, Sectigo, Hotspot 2.0 Trust Root CA - 03, AD-CS, WoSign, Microsoft Timestamp Root, T8-AD-CS-CA, DigiCert Global Root G2, Microsoft Root Authority, DigiCert (1), DigiCert Global Root G3, Trustwave, VeriSign Universal Root Certification Authority, Microsoft Root Certificate Authority 2010, Starfield Root Certificate Authority  G]
[INFO ] 2024-09-27 13:40:58.974 [Debugger-worker-4-2] DebugServer - Authentication of debug client succeed. applicationId=2609446b-9fc6-4132-980f-63f261e74d5b
[INFO ] 2024-09-27 13:40:58.976 [Debugger-worker-4-2] DebugServer - Got applicationId=2609446b-9fc6-4132-980f-63f261e74d5b for debug from PaaS
[INFO ] 2024-09-27 13:40:58.976 [Debugger-worker-4-2] DebugServer - Registering a new session with id=86efa9cd-fc59-4149-87df-7844bb0ecbda and appId=2609446b-9fc6-4132-980f-63f261e74d5b
[INFO ] 2024-09-27 13:40:58.978 [Debugger-worker-4-2] DebugServer - Session with id=86efa9cd-fc59-4149-87df-7844bb0ecbda for appId=2609446b-9fc6-4132-980f-63f261e74d5b created.
[INFO ] 2024-09-27 13:40:59.349 [main] DebugServer - Stopping debug server.
[INFO ] 2024-09-27 13:40:59.349 [main] DebugServer - Shutting down connections.
[INFO ] 2024-09-27 13:40:59.563 [Debugger-worker-4-2] DebugServer - Session shutdown successfully: sessionId=86efa9cd-fc59-4149-87df-7844bb0ecbda
[INFO ] 2024-09-27 13:40:59.563 [Debugger-worker-4-2] DebugServer - Channel to Debug Client (IDE) is unregistered: sessionId=86efa9cd-fc59-4149-87df-7844bb0ecbda
[INFO ] 2024-09-27 13:40:59.672 [main] DebugServer - Connections shutdown ok.
[INFO ] 2024-09-27 13:40:59.673 [main] DebugServer - Debug server was stopped.
[INFO ] 2024-09-27 13:40:59.673 [main] c.e.g.e.c.i.p.ConsoleExecutionStep - [ExecuteScript]: done!
