[INFO ] 2024-08-09 15:57:32.137 [main] DebugServer - Starting debug server.
[INFO ] 2024-08-09 15:57:32.139 [main] DebugServer - Starting debug server on port 60634 with 4 threads.
[INFO ] 2024-08-09 15:57:32.487 [main] DebugServer - Debug server was started and listening on port 60634.
[INFO ] 2024-08-09 15:57:32.487 [main] DebugServer - Debug server started.
[INFO ] 2024-08-09 15:57:33.667 [main] c.e.g.a.s.r.CryptoManager - Current security provider list: SUN, SunRsaSign, SunEC, SunJSSE, SunJCE, SunJGSS, SunSASL, XMLDSig, SunPCSC, JdkLDAP, JdkSASL, SunMSCAPI, SunPKCS11
[INFO ] 2024-08-09 15:57:33.670 [main] c.e.g.a.s.r.CryptoManager - New security provider list: SUN, SunRsaSign, SunEC, SunJSSE, SunJCE, SunJGSS, SunSASL, XMLDSig, SunPCSC, JdkLDAP, JdkSASL, SunMSCAPI, SunPKCS11
[INFO ] 2024-08-09 15:57:33.750 [main] c.e.g.a.s.r.SystemCertificatesReader - Loaded certificates with aliases: [T8-8361.T8.CORP, GlobalSign Code Signing Root R45, Go Daddy Root Certificate Authority  G, Sectigo (formerly Comodo CA), DigiCert (2), Local NetFlt CA 3, DigiCert Baltimore Root, ISRG Root X1, Sectigo (AddTrust), Certum Trusted Network CA, Microsoft Authenticode(tm) Root, T8-AD-CA, GlobalSign Root CA - R6, GlobalSign Root CA - R3, GlobalSign Root CA - R1, VeriSign Class 3 Public Primary CA, VeriSign Time Stamping CA, GlobalSign ECC Root CA - R5, QuoVadis Root Certification Authority, SECOM Trust Systems Co Ltd., Entrust (2048), Microsoft RSA Root Certificate Authority 2017, Certum Trusted Network CA 2, Entrust.net, Symantec Enterprise Mobile Root for Microsoft, Microsoft Root Certificate Authority, Microsoft ECC Product Root Certificate Authority 2018, Microsoft Time Stamp Root Certificate Authority 2014, Hellenic Academic and Research Institutions RootCA 2015, Go Daddy Class 2 Certification Authority, DigiCert Trusted Root G4, Symfony T8\kudashkin@T8-8361 (Êóäàøêèí Ñåðãåé Èâàíîâè÷), thawte, DigiCert CS RSA4096 Root G5, Kaspersky Endpoint Security Personal Certification Authority, Sectigo (AAA), DST Root CA X3, StartCom Certification Authority, Sectigo (UTN Object), VeriSign, Microsoft ECC TS Root Certificate Authority 2018, Starfield Class 2 Certification Authority, HARICA TLS RSA Root CA 2021, Thawte Timestamping CA, Actalis Authentication Root CA, T8-CA, SSL.com Root Certification Authority RSA, DigiCert, Microsoft Root Certificate Authority 2011, Sectigo, Hotspot 2.0 Trust Root CA - 03, AD-CS, WoSign, Microsoft Timestamp Root, T8-AD-CS-CA, DigiCert Global Root G2, Microsoft Root Authority, DigiCert (1), DigiCert Global Root G3, Trustwave, VeriSign Universal Root Certification Authority, Microsoft Root Certificate Authority 2010, Starfield Root Certificate Authority  G]
[INFO ] 2024-08-09 15:57:34.217 [Debugger-worker-4-2] DebugServer - Authentication of debug client succeed. applicationId=39afacdc-9ff7-471c-b31e-732754ef3360
[INFO ] 2024-08-09 15:57:34.219 [Debugger-worker-4-2] DebugServer - Got applicationId=39afacdc-9ff7-471c-b31e-732754ef3360 for debug from PaaS
[INFO ] 2024-08-09 15:57:34.220 [Debugger-worker-4-2] DebugServer - Registering a new session with id=6cff2b42-6291-4af0-a8ac-2234df852790 and appId=39afacdc-9ff7-471c-b31e-732754ef3360
[INFO ] 2024-08-09 15:57:34.221 [Debugger-worker-4-2] DebugServer - Session with id=6cff2b42-6291-4af0-a8ac-2234df852790 for appId=39afacdc-9ff7-471c-b31e-732754ef3360 created.
[INFO ] 2024-08-09 15:57:34.602 [main] DebugServer - Stopping debug server.
[INFO ] 2024-08-09 15:57:34.602 [main] DebugServer - Shutting down connections.
[INFO ] 2024-08-09 15:57:34.818 [Debugger-worker-4-2] DebugServer - Session shutdown successfully: sessionId=6cff2b42-6291-4af0-a8ac-2234df852790
[INFO ] 2024-08-09 15:57:34.820 [Debugger-worker-4-2] DebugServer - Channel to Debug Client (IDE) is unregistered: sessionId=6cff2b42-6291-4af0-a8ac-2234df852790
[INFO ] 2024-08-09 15:57:34.926 [main] DebugServer - Connections shutdown ok.
[INFO ] 2024-08-09 15:57:34.926 [main] DebugServer - Debug server was stopped.
[INFO ] 2024-08-09 15:57:34.927 [main] c.e.g.e.c.i.p.ConsoleExecutionStep - [ExecuteScript]: done!
[INFO ] 2024-08-09 15:57:44.482 [main] DebugServer - Starting debug server.
[INFO ] 2024-08-09 15:57:44.483 [main] DebugServer - Starting debug server on port 60702 with 4 threads.
[INFO ] 2024-08-09 15:57:44.829 [main] DebugServer - Debug server was started and listening on port 60702.
[INFO ] 2024-08-09 15:57:44.830 [main] DebugServer - Debug server started.
[INFO ] 2024-08-09 15:57:45.981 [main] c.e.g.a.s.r.CryptoManager - Current security provider list: SUN, SunRsaSign, SunEC, SunJSSE, SunJCE, SunJGSS, SunSASL, XMLDSig, SunPCSC, JdkLDAP, JdkSASL, SunMSCAPI, SunPKCS11
[INFO ] 2024-08-09 15:57:45.983 [main] c.e.g.a.s.r.CryptoManager - New security provider list: SUN, SunRsaSign, SunEC, SunJSSE, SunJCE, SunJGSS, SunSASL, XMLDSig, SunPCSC, JdkLDAP, JdkSASL, SunMSCAPI, SunPKCS11
[INFO ] 2024-08-09 15:57:46.051 [main] c.e.g.a.s.r.SystemCertificatesReader - Loaded certificates with aliases: [T8-8361.T8.CORP, GlobalSign Code Signing Root R45, Go Daddy Root Certificate Authority  G, Sectigo (formerly Comodo CA), DigiCert (2), Local NetFlt CA 3, DigiCert Baltimore Root, ISRG Root X1, Sectigo (AddTrust), Certum Trusted Network CA, Microsoft Authenticode(tm) Root, T8-AD-CA, GlobalSign Root CA - R6, GlobalSign Root CA - R3, GlobalSign Root CA - R1, VeriSign Class 3 Public Primary CA, VeriSign Time Stamping CA, GlobalSign ECC Root CA - R5, QuoVadis Root Certification Authority, SECOM Trust Systems Co Ltd., Entrust (2048), Microsoft RSA Root Certificate Authority 2017, Certum Trusted Network CA 2, Entrust.net, Symantec Enterprise Mobile Root for Microsoft, Microsoft Root Certificate Authority, Microsoft ECC Product Root Certificate Authority 2018, Microsoft Time Stamp Root Certificate Authority 2014, Hellenic Academic and Research Institutions RootCA 2015, Go Daddy Class 2 Certification Authority, DigiCert Trusted Root G4, Symfony T8\kudashkin@T8-8361 (Êóäàøêèí Ñåðãåé Èâàíîâè÷), thawte, DigiCert CS RSA4096 Root G5, Kaspersky Endpoint Security Personal Certification Authority, Sectigo (AAA), DST Root CA X3, StartCom Certification Authority, Sectigo (UTN Object), VeriSign, Microsoft ECC TS Root Certificate Authority 2018, Starfield Class 2 Certification Authority, HARICA TLS RSA Root CA 2021, Thawte Timestamping CA, Actalis Authentication Root CA, T8-CA, SSL.com Root Certification Authority RSA, DigiCert, Microsoft Root Certificate Authority 2011, Sectigo, Hotspot 2.0 Trust Root CA - 03, AD-CS, WoSign, Microsoft Timestamp Root, T8-AD-CS-CA, DigiCert Global Root G2, Microsoft Root Authority, DigiCert (1), DigiCert Global Root G3, Trustwave, VeriSign Universal Root Certification Authority, Microsoft Root Certificate Authority 2010, Starfield Root Certificate Authority  G]
[INFO ] 2024-08-09 15:57:46.415 [Debugger-worker-4-2] DebugServer - Authentication of debug client succeed. applicationId=514672a5-0066-4be7-b686-4dc7d1ec56e3
[INFO ] 2024-08-09 15:57:46.416 [Debugger-worker-4-2] DebugServer - Got applicationId=514672a5-0066-4be7-b686-4dc7d1ec56e3 for debug from PaaS
[INFO ] 2024-08-09 15:57:46.417 [Debugger-worker-4-2] DebugServer - Registering a new session with id=8bfcf122-80ef-4d60-8a61-d13ee29009f3 and appId=514672a5-0066-4be7-b686-4dc7d1ec56e3
[INFO ] 2024-08-09 15:57:46.418 [Debugger-worker-4-2] DebugServer - Session with id=8bfcf122-80ef-4d60-8a61-d13ee29009f3 for appId=514672a5-0066-4be7-b686-4dc7d1ec56e3 created.
[INFO ] 2024-08-09 15:57:46.760 [main] DebugServer - Stopping debug server.
[INFO ] 2024-08-09 15:57:46.760 [main] DebugServer - Shutting down connections.
[INFO ] 2024-08-09 15:57:46.980 [Debugger-worker-4-2] DebugServer - Session shutdown successfully: sessionId=8bfcf122-80ef-4d60-8a61-d13ee29009f3
[INFO ] 2024-08-09 15:57:46.981 [Debugger-worker-4-2] DebugServer - Channel to Debug Client (IDE) is unregistered: sessionId=8bfcf122-80ef-4d60-8a61-d13ee29009f3
[INFO ] 2024-08-09 15:57:47.105 [main] DebugServer - Connections shutdown ok.
[INFO ] 2024-08-09 15:57:47.106 [main] DebugServer - Debug server was stopped.
[INFO ] 2024-08-09 15:57:47.106 [main] c.e.g.e.c.i.p.ConsoleExecutionStep - [ExecuteScript]: done!
[INFO ] 2024-08-09 15:59:50.811 [main] DebugServer - Starting debug server.
[INFO ] 2024-08-09 15:59:50.812 [main] DebugServer - Starting debug server on port 60769 with 4 threads.
[INFO ] 2024-08-09 15:59:51.168 [main] DebugServer - Debug server was started and listening on port 60769.
[INFO ] 2024-08-09 15:59:51.168 [main] DebugServer - Debug server started.
[INFO ] 2024-08-09 15:59:52.064 [main] DebugServer - Stopping debug server.
[INFO ] 2024-08-09 15:59:52.064 [main] DebugServer - Shutting down connections.
[INFO ] 2024-08-09 15:59:52.394 [main] DebugServer - Connections shutdown ok.
[INFO ] 2024-08-09 15:59:52.395 [main] DebugServer - Debug server was stopped.
[ERROR] 2024-08-09 15:59:52.396 [main] c.e.g.e.c.i.p.LastStep - Ошибки компиляции скрипта:
c:\Users\kudashkin\Documents\Executer\test1.sbsl:
Неизвестный метод "Строка" [9:61]
com.e1c.g5rt.xbsl.api.CompilationException: c:\Users\kudashkin\Documents\Executer\test1.sbsl:
Неизвестный метод "Строка" [9:61]
	at com.e1c.g5rt.executor.modules.runtime.ExecutorEnvironmentService.createEnvironment(ExecutorEnvironmentService.java:41)
	at com.e1c.g5rt.executor.core.internal.command.ExecuteScriptCommand.executeCommand(ExecuteScriptCommand.java:87)
	at com.e1c.g5rt.executor.core.internal.command.DebugScriptCommand.executeCommand(DebugScriptCommand.java:59)
	at com.e1c.g5rt.executor.core.Executor.executeCommand(Executor.java:25)
	at com.e1c.g5rt.executor.client.internal.parser.ConsoleExecutionStep.perform(ConsoleExecutionStep.java:62)
	at com.e1c.g5rt.executor.client.internal.parser.AbstractStep.run(AbstractStep.java:26)
	at com.e1c.g5rt.executor.client.internal.parser.ConsoleExecutionStep.run(ConsoleExecutionStep.java:30)
	at com.e1c.g5rt.executor.client.internal.parser.AbstractStep.run(AbstractStep.java:35)
	at com.e1c.g5rt.executor.client.internal.parser.ParseMethodArgumentsStep.run(ParseMethodArgumentsStep.java:18)
	at com.e1c.g5rt.executor.client.internal.parser.AbstractStep.run(AbstractStep.java:35)
	at com.e1c.g5rt.executor.client.internal.parser.ParseScriptPathAndMethodStep.run(ParseScriptPathAndMethodStep.java:14)
	at com.e1c.g5rt.executor.client.internal.parser.AbstractStep.run(AbstractStep.java:35)
	at com.e1c.g5rt.executor.client.internal.parser.CheckEmptyParamsStep.run(CheckEmptyParamsStep.java:14)
	at com.e1c.g5rt.executor.client.internal.parser.AbstractStep.run(AbstractStep.java:35)
	at com.e1c.g5rt.executor.client.internal.parser.FirstStep.run(FirstStep.java:12)
	at com.e1c.g5rt.executor.client.ConsoleExecutor.run(ConsoleExecutor.java:66)
	at java.base/jdk.internal.reflect.NativeMethodAccessorImpl.invoke0(Native Method)
	at java.base/jdk.internal.reflect.NativeMethodAccessorImpl.invoke(NativeMethodAccessorImpl.java:62)
	at java.base/jdk.internal.reflect.DelegatingMethodAccessorImpl.invoke(DelegatingMethodAccessorImpl.java:43)
	at java.base/java.lang.reflect.Method.invoke(Method.java:566)
	at com.e1c.g5rt.executor.boot.ExecutorBootstrap.boot(ExecutorBootstrap.java:51)
	at com.e1c.g5rt.executor.boot.ExecutorBootstrap.main(ExecutorBootstrap.java:17)
[INFO ] 2024-08-09 16:01:37.788 [main] DebugServer - Starting debug server.
[INFO ] 2024-08-09 16:01:37.790 [main] DebugServer - Starting debug server on port 60816 with 4 threads.
[INFO ] 2024-08-09 16:01:38.187 [main] DebugServer - Debug server was started and listening on port 60816.
[INFO ] 2024-08-09 16:01:38.188 [main] DebugServer - Debug server started.
[INFO ] 2024-08-09 16:01:39.365 [main] c.e.g.a.s.r.CryptoManager - Current security provider list: SUN, SunRsaSign, SunEC, SunJSSE, SunJCE, SunJGSS, SunSASL, XMLDSig, SunPCSC, JdkLDAP, JdkSASL, SunMSCAPI, SunPKCS11
[INFO ] 2024-08-09 16:01:39.368 [main] c.e.g.a.s.r.CryptoManager - New security provider list: SUN, SunRsaSign, SunEC, SunJSSE, SunJCE, SunJGSS, SunSASL, XMLDSig, SunPCSC, JdkLDAP, JdkSASL, SunMSCAPI, SunPKCS11
[INFO ] 2024-08-09 16:01:39.460 [main] c.e.g.a.s.r.SystemCertificatesReader - Loaded certificates with aliases: [T8-8361.T8.CORP, GlobalSign Code Signing Root R45, Go Daddy Root Certificate Authority  G, Sectigo (formerly Comodo CA), DigiCert (2), Local NetFlt CA 3, DigiCert Baltimore Root, ISRG Root X1, Sectigo (AddTrust), Certum Trusted Network CA, Microsoft Authenticode(tm) Root, T8-AD-CA, GlobalSign Root CA - R6, GlobalSign Root CA - R3, GlobalSign Root CA - R1, VeriSign Class 3 Public Primary CA, VeriSign Time Stamping CA, GlobalSign ECC Root CA - R5, QuoVadis Root Certification Authority, SECOM Trust Systems Co Ltd., Entrust (2048), Microsoft RSA Root Certificate Authority 2017, Certum Trusted Network CA 2, Entrust.net, Symantec Enterprise Mobile Root for Microsoft, Microsoft Root Certificate Authority, Microsoft ECC Product Root Certificate Authority 2018, Microsoft Time Stamp Root Certificate Authority 2014, Hellenic Academic and Research Institutions RootCA 2015, Go Daddy Class 2 Certification Authority, DigiCert Trusted Root G4, Symfony T8\kudashkin@T8-8361 (Êóäàøêèí Ñåðãåé Èâàíîâè÷), thawte, DigiCert CS RSA4096 Root G5, Kaspersky Endpoint Security Personal Certification Authority, Sectigo (AAA), DST Root CA X3, StartCom Certification Authority, Sectigo (UTN Object), VeriSign, Microsoft ECC TS Root Certificate Authority 2018, Starfield Class 2 Certification Authority, HARICA TLS RSA Root CA 2021, Thawte Timestamping CA, Actalis Authentication Root CA, T8-CA, SSL.com Root Certification Authority RSA, DigiCert, Microsoft Root Certificate Authority 2011, Sectigo, Hotspot 2.0 Trust Root CA - 03, AD-CS, WoSign, Microsoft Timestamp Root, T8-AD-CS-CA, DigiCert Global Root G2, Microsoft Root Authority, DigiCert (1), DigiCert Global Root G3, Trustwave, VeriSign Universal Root Certification Authority, Microsoft Root Certificate Authority 2010, Starfield Root Certificate Authority  G]
[INFO ] 2024-08-09 16:01:39.725 [Debugger-worker-4-2] DebugServer - Authentication of debug client succeed. applicationId=46b4e93e-e811-4ba8-b4b2-d20a902ed152
[INFO ] 2024-08-09 16:01:39.726 [Debugger-worker-4-2] DebugServer - Got applicationId=46b4e93e-e811-4ba8-b4b2-d20a902ed152 for debug from PaaS
[INFO ] 2024-08-09 16:01:39.726 [Debugger-worker-4-2] DebugServer - Registering a new session with id=1ad9a020-7cdc-46d4-89d8-21b11e49c32f and appId=46b4e93e-e811-4ba8-b4b2-d20a902ed152
[INFO ] 2024-08-09 16:01:39.726 [Debugger-worker-4-2] DebugServer - Session with id=1ad9a020-7cdc-46d4-89d8-21b11e49c32f for appId=46b4e93e-e811-4ba8-b4b2-d20a902ed152 created.
[INFO ] 2024-08-09 16:01:40.123 [main] DebugServer - Stopping debug server.
[INFO ] 2024-08-09 16:01:40.124 [main] DebugServer - Shutting down connections.
[INFO ] 2024-08-09 16:01:40.341 [Debugger-worker-4-2] DebugServer - Session shutdown successfully: sessionId=1ad9a020-7cdc-46d4-89d8-21b11e49c32f
[INFO ] 2024-08-09 16:01:40.341 [Debugger-worker-4-2] DebugServer - Channel to Debug Client (IDE) is unregistered: sessionId=1ad9a020-7cdc-46d4-89d8-21b11e49c32f
[INFO ] 2024-08-09 16:01:40.453 [main] DebugServer - Connections shutdown ok.
[INFO ] 2024-08-09 16:01:40.453 [main] DebugServer - Debug server was stopped.
[INFO ] 2024-08-09 16:01:40.453 [main] c.e.g.e.c.i.p.ConsoleExecutionStep - [ExecuteScript]: done!
[INFO ] 2024-08-19 13:48:37.310 [main] DebugServer - Starting debug server.
[INFO ] 2024-08-19 13:48:37.325 [main] DebugServer - Starting debug server on port 56098 with 4 threads.
[INFO ] 2024-08-19 13:48:37.659 [main] DebugServer - Debug server was started and listening on port 56098.
[INFO ] 2024-08-19 13:48:37.659 [main] DebugServer - Debug server started.
[INFO ] 2024-08-19 13:48:38.759 [main] c.e.g.a.s.r.CryptoManager - Current security provider list: SUN, SunRsaSign, SunEC, SunJSSE, SunJCE, SunJGSS, SunSASL, XMLDSig, SunPCSC, JdkLDAP, JdkSASL, SunMSCAPI, SunPKCS11
[INFO ] 2024-08-19 13:48:38.759 [main] c.e.g.a.s.r.CryptoManager - New security provider list: SUN, SunRsaSign, SunEC, SunJSSE, SunJCE, SunJGSS, SunSASL, XMLDSig, SunPCSC, JdkLDAP, JdkSASL, SunMSCAPI, SunPKCS11
[INFO ] 2024-08-19 13:48:38.826 [main] c.e.g.a.s.r.SystemCertificatesReader - Loaded certificates with aliases: [T8-8361.T8.CORP, GlobalSign Code Signing Root R45, Go Daddy Root Certificate Authority  G, Sectigo (formerly Comodo CA), DigiCert (2), Local NetFlt CA 3, DigiCert Baltimore Root, ISRG Root X1, Sectigo (AddTrust), Certum Trusted Network CA, Microsoft Authenticode(tm) Root, T8-AD-CA, GlobalSign Root CA - R6, GlobalSign Root CA - R3, GlobalSign Root CA - R1, VeriSign Class 3 Public Primary CA, VeriSign Time Stamping CA, GlobalSign ECC Root CA - R5, QuoVadis Root Certification Authority, SECOM Trust Systems Co Ltd., Entrust (2048), Microsoft RSA Root Certificate Authority 2017, Certum Trusted Network CA 2, Entrust.net, Symantec Enterprise Mobile Root for Microsoft, Microsoft Root Certificate Authority, Microsoft ECC Product Root Certificate Authority 2018, Microsoft Time Stamp Root Certificate Authority 2014, Hellenic Academic and Research Institutions RootCA 2015, Go Daddy Class 2 Certification Authority, DigiCert Trusted Root G4, Symfony T8\kudashkin@T8-8361 (Êóäàøêèí Ñåðãåé Èâàíîâè÷), thawte, DigiCert CS RSA4096 Root G5, Kaspersky Endpoint Security Personal Certification Authority, Sectigo (AAA), DST Root CA X3, StartCom Certification Authority, Sectigo (UTN Object), VeriSign, Microsoft ECC TS Root Certificate Authority 2018, Starfield Class 2 Certification Authority, HARICA TLS RSA Root CA 2021, Thawte Timestamping CA, Actalis Authentication Root CA, T8-CA, SSL.com Root Certification Authority RSA, DigiCert, Microsoft Root Certificate Authority 2011, Sectigo, Hotspot 2.0 Trust Root CA - 03, AD-CS, WoSign, Microsoft Timestamp Root, T8-AD-CS-CA, DigiCert Global Root G2, Microsoft Root Authority, DigiCert (1), DigiCert Global Root G3, Trustwave, VeriSign Universal Root Certification Authority, Microsoft Root Certificate Authority 2010, Starfield Root Certificate Authority  G]
[INFO ] 2024-08-19 13:48:39.274 [Debugger-worker-4-2] DebugServer - Authentication of debug client succeed. applicationId=75298efe-08a3-4a98-ab15-fbaeeecc5b0f
[INFO ] 2024-08-19 13:48:39.274 [Debugger-worker-4-2] DebugServer - Got applicationId=75298efe-08a3-4a98-ab15-fbaeeecc5b0f for debug from PaaS
[INFO ] 2024-08-19 13:48:39.274 [Debugger-worker-4-2] DebugServer - Registering a new session with id=5aae200c-ea78-4ec6-ba89-306ceb2fcf23 and appId=75298efe-08a3-4a98-ab15-fbaeeecc5b0f
[INFO ] 2024-08-19 13:48:39.274 [Debugger-worker-4-2] DebugServer - Session with id=5aae200c-ea78-4ec6-ba89-306ceb2fcf23 for appId=75298efe-08a3-4a98-ab15-fbaeeecc5b0f created.
[INFO ] 2024-08-19 13:48:39.644 [main] DebugServer - Stopping debug server.
[INFO ] 2024-08-19 13:48:39.644 [main] DebugServer - Shutting down connections.
[INFO ] 2024-08-19 13:48:39.849 [Debugger-worker-4-2] DebugServer - Session shutdown successfully: sessionId=5aae200c-ea78-4ec6-ba89-306ceb2fcf23
[INFO ] 2024-08-19 13:48:39.850 [Debugger-worker-4-2] DebugServer - Channel to Debug Client (IDE) is unregistered: sessionId=5aae200c-ea78-4ec6-ba89-306ceb2fcf23
[INFO ] 2024-08-19 13:48:39.958 [main] DebugServer - Connections shutdown ok.
[INFO ] 2024-08-19 13:48:39.959 [main] DebugServer - Debug server was stopped.
[INFO ] 2024-08-19 13:48:39.959 [main] c.e.g.e.c.i.p.ConsoleExecutionStep - [ExecuteScript]: done!
[INFO ] 2024-08-19 13:48:55.092 [main] DebugServer - Starting debug server.
[INFO ] 2024-08-19 13:48:55.092 [main] DebugServer - Starting debug server on port 56154 with 4 threads.
[INFO ] 2024-08-19 13:48:55.444 [main] DebugServer - Debug server was started and listening on port 56154.
[INFO ] 2024-08-19 13:48:55.444 [main] DebugServer - Debug server started.
[INFO ] 2024-08-19 13:48:56.644 [main] c.e.g.a.s.r.CryptoManager - Current security provider list: SUN, SunRsaSign, SunEC, SunJSSE, SunJCE, SunJGSS, SunSASL, XMLDSig, SunPCSC, JdkLDAP, JdkSASL, SunMSCAPI, SunPKCS11
[INFO ] 2024-08-19 13:48:56.644 [main] c.e.g.a.s.r.CryptoManager - New security provider list: SUN, SunRsaSign, SunEC, SunJSSE, SunJCE, SunJGSS, SunSASL, XMLDSig, SunPCSC, JdkLDAP, JdkSASL, SunMSCAPI, SunPKCS11
[INFO ] 2024-08-19 13:48:56.771 [main] c.e.g.a.s.r.SystemCertificatesReader - Loaded certificates with aliases: [T8-8361.T8.CORP, GlobalSign Code Signing Root R45, Go Daddy Root Certificate Authority  G, Sectigo (formerly Comodo CA), DigiCert (2), Local NetFlt CA 3, DigiCert Baltimore Root, ISRG Root X1, Sectigo (AddTrust), Certum Trusted Network CA, Microsoft Authenticode(tm) Root, T8-AD-CA, GlobalSign Root CA - R6, GlobalSign Root CA - R3, GlobalSign Root CA - R1, VeriSign Class 3 Public Primary CA, VeriSign Time Stamping CA, GlobalSign ECC Root CA - R5, QuoVadis Root Certification Authority, SECOM Trust Systems Co Ltd., Entrust (2048), Microsoft RSA Root Certificate Authority 2017, Certum Trusted Network CA 2, Entrust.net, Symantec Enterprise Mobile Root for Microsoft, Microsoft Root Certificate Authority, Microsoft ECC Product Root Certificate Authority 2018, Microsoft Time Stamp Root Certificate Authority 2014, Hellenic Academic and Research Institutions RootCA 2015, Go Daddy Class 2 Certification Authority, DigiCert Trusted Root G4, Symfony T8\kudashkin@T8-8361 (Êóäàøêèí Ñåðãåé Èâàíîâè÷), thawte, DigiCert CS RSA4096 Root G5, Kaspersky Endpoint Security Personal Certification Authority, Sectigo (AAA), DST Root CA X3, StartCom Certification Authority, Sectigo (UTN Object), VeriSign, Microsoft ECC TS Root Certificate Authority 2018, Starfield Class 2 Certification Authority, HARICA TLS RSA Root CA 2021, Thawte Timestamping CA, Actalis Authentication Root CA, T8-CA, SSL.com Root Certification Authority RSA, DigiCert, Microsoft Root Certificate Authority 2011, Sectigo, Hotspot 2.0 Trust Root CA - 03, AD-CS, WoSign, Microsoft Timestamp Root, T8-AD-CS-CA, DigiCert Global Root G2, Microsoft Root Authority, DigiCert (1), DigiCert Global Root G3, Trustwave, VeriSign Universal Root Certification Authority, Microsoft Root Certificate Authority 2010, Starfield Root Certificate Authority  G]
[INFO ] 2024-08-19 13:48:57.044 [Debugger-worker-4-2] DebugServer - Authentication of debug client succeed. applicationId=da5a1ea2-9b4f-4968-98e5-1ebfd03625cc
[INFO ] 2024-08-19 13:48:57.060 [Debugger-worker-4-2] DebugServer - Got applicationId=da5a1ea2-9b4f-4968-98e5-1ebfd03625cc for debug from PaaS
[INFO ] 2024-08-19 13:48:57.060 [Debugger-worker-4-2] DebugServer - Registering a new session with id=975b2e9f-911b-4412-a8a8-44649eaf0901 and appId=da5a1ea2-9b4f-4968-98e5-1ebfd03625cc
[INFO ] 2024-08-19 13:48:57.060 [Debugger-worker-4-2] DebugServer - Session with id=975b2e9f-911b-4412-a8a8-44649eaf0901 for appId=da5a1ea2-9b4f-4968-98e5-1ebfd03625cc created.
[INFO ] 2024-08-19 13:48:57.442 [main] DebugServer - Stopping debug server.
[INFO ] 2024-08-19 13:48:57.442 [main] DebugServer - Shutting down connections.
[INFO ] 2024-08-19 13:48:57.660 [Debugger-worker-4-2] DebugServer - Session shutdown successfully: sessionId=975b2e9f-911b-4412-a8a8-44649eaf0901
[INFO ] 2024-08-19 13:48:57.660 [Debugger-worker-4-2] DebugServer - Channel to Debug Client (IDE) is unregistered: sessionId=975b2e9f-911b-4412-a8a8-44649eaf0901
[INFO ] 2024-08-19 13:48:57.777 [main] DebugServer - Connections shutdown ok.
[INFO ] 2024-08-19 13:48:57.777 [main] DebugServer - Debug server was stopped.
[INFO ] 2024-08-19 13:48:57.777 [main] c.e.g.e.c.i.p.ConsoleExecutionStep - [ExecuteScript]: done!
[INFO ] 2024-08-19 14:00:21.109 [main] c.e.g.a.s.r.CryptoManager - Current security provider list: SUN, SunRsaSign, SunEC, SunJSSE, SunJCE, SunJGSS, SunSASL, XMLDSig, SunPCSC, JdkLDAP, JdkSASL, SunMSCAPI, SunPKCS11
[INFO ] 2024-08-19 14:00:21.110 [main] c.e.g.a.s.r.CryptoManager - New security provider list: SUN, SunRsaSign, SunEC, SunJSSE, SunJCE, SunJGSS, SunSASL, XMLDSig, SunPCSC, JdkLDAP, JdkSASL, SunMSCAPI, SunPKCS11
[INFO ] 2024-08-19 14:00:21.177 [main] c.e.g.a.s.r.SystemCertificatesReader - Loaded certificates with aliases: [T8-8361.T8.CORP, GlobalSign Code Signing Root R45, Go Daddy Root Certificate Authority  G, Sectigo (formerly Comodo CA), DigiCert (2), Local NetFlt CA 3, DigiCert Baltimore Root, ISRG Root X1, Sectigo (AddTrust), Certum Trusted Network CA, Microsoft Authenticode(tm) Root, T8-AD-CA, GlobalSign Root CA - R6, GlobalSign Root CA - R3, GlobalSign Root CA - R1, VeriSign Class 3 Public Primary CA, VeriSign Time Stamping CA, GlobalSign ECC Root CA - R5, QuoVadis Root Certification Authority, SECOM Trust Systems Co Ltd., Entrust (2048), Microsoft RSA Root Certificate Authority 2017, Certum Trusted Network CA 2, Entrust.net, Symantec Enterprise Mobile Root for Microsoft, Microsoft Root Certificate Authority, Microsoft ECC Product Root Certificate Authority 2018, Microsoft Time Stamp Root Certificate Authority 2014, Hellenic Academic and Research Institutions RootCA 2015, Go Daddy Class 2 Certification Authority, DigiCert Trusted Root G4, Symfony T8\kudashkin@T8-8361 (Êóäàøêèí Ñåðãåé Èâàíîâè÷), thawte, DigiCert CS RSA4096 Root G5, Kaspersky Endpoint Security Personal Certification Authority, Sectigo (AAA), DST Root CA X3, StartCom Certification Authority, Sectigo (UTN Object), VeriSign, Microsoft ECC TS Root Certificate Authority 2018, Starfield Class 2 Certification Authority, HARICA TLS RSA Root CA 2021, Thawte Timestamping CA, Actalis Authentication Root CA, T8-CA, SSL.com Root Certification Authority RSA, DigiCert, Microsoft Root Certificate Authority 2011, Sectigo, Hotspot 2.0 Trust Root CA - 03, AD-CS, WoSign, Microsoft Timestamp Root, T8-AD-CS-CA, DigiCert Global Root G2, Microsoft Root Authority, DigiCert (1), DigiCert Global Root G3, Trustwave, VeriSign Universal Root Certification Authority, Microsoft Root Certificate Authority 2010, Starfield Root Certificate Authority  G]
[INFO ] 2024-08-19 14:00:21.193 [main] c.e.g.e.c.i.p.ConsoleExecutionStep - [ExecuteScript]: done!
[INFO ] 2024-08-19 14:04:48.076 [main] DebugServer - Starting debug server.
[INFO ] 2024-08-19 14:04:48.078 [main] DebugServer - Starting debug server on port 57254 with 4 threads.
[INFO ] 2024-08-19 14:04:48.444 [main] DebugServer - Debug server was started and listening on port 57254.
[INFO ] 2024-08-19 14:04:48.444 [main] DebugServer - Debug server started.
[INFO ] 2024-08-19 14:04:49.594 [main] c.e.g.a.s.r.CryptoManager - Current security provider list: SUN, SunRsaSign, SunEC, SunJSSE, SunJCE, SunJGSS, SunSASL, XMLDSig, SunPCSC, JdkLDAP, JdkSASL, SunMSCAPI, SunPKCS11
[INFO ] 2024-08-19 14:04:49.594 [main] c.e.g.a.s.r.CryptoManager - New security provider list: SUN, SunRsaSign, SunEC, SunJSSE, SunJCE, SunJGSS, SunSASL, XMLDSig, SunPCSC, JdkLDAP, JdkSASL, SunMSCAPI, SunPKCS11
[INFO ] 2024-08-19 14:04:49.693 [main] c.e.g.a.s.r.SystemCertificatesReader - Loaded certificates with aliases: [T8-8361.T8.CORP, GlobalSign Code Signing Root R45, Go Daddy Root Certificate Authority  G, Sectigo (formerly Comodo CA), DigiCert (2), Local NetFlt CA 3, DigiCert Baltimore Root, ISRG Root X1, Sectigo (AddTrust), Certum Trusted Network CA, Microsoft Authenticode(tm) Root, T8-AD-CA, GlobalSign Root CA - R6, GlobalSign Root CA - R3, GlobalSign Root CA - R1, VeriSign Class 3 Public Primary CA, VeriSign Time Stamping CA, GlobalSign ECC Root CA - R5, QuoVadis Root Certification Authority, SECOM Trust Systems Co Ltd., Entrust (2048), Microsoft RSA Root Certificate Authority 2017, Certum Trusted Network CA 2, Entrust.net, Symantec Enterprise Mobile Root for Microsoft, Microsoft Root Certificate Authority, Microsoft ECC Product Root Certificate Authority 2018, Microsoft Time Stamp Root Certificate Authority 2014, Hellenic Academic and Research Institutions RootCA 2015, Go Daddy Class 2 Certification Authority, DigiCert Trusted Root G4, Symfony T8\kudashkin@T8-8361 (Êóäàøêèí Ñåðãåé Èâàíîâè÷), thawte, DigiCert CS RSA4096 Root G5, Kaspersky Endpoint Security Personal Certification Authority, Sectigo (AAA), DST Root CA X3, StartCom Certification Authority, Sectigo (UTN Object), VeriSign, Microsoft ECC TS Root Certificate Authority 2018, Starfield Class 2 Certification Authority, HARICA TLS RSA Root CA 2021, Thawte Timestamping CA, Actalis Authentication Root CA, T8-CA, SSL.com Root Certification Authority RSA, DigiCert, Microsoft Root Certificate Authority 2011, Sectigo, Hotspot 2.0 Trust Root CA - 03, AD-CS, WoSign, Microsoft Timestamp Root, T8-AD-CS-CA, DigiCert Global Root G2, Microsoft Root Authority, DigiCert (1), DigiCert Global Root G3, Trustwave, VeriSign Universal Root Certification Authority, Microsoft Root Certificate Authority 2010, Starfield Root Certificate Authority  G]
[INFO ] 2024-08-19 14:04:49.976 [Debugger-worker-4-2] DebugServer - Authentication of debug client succeed. applicationId=845c4ac9-9780-48d2-b8b6-5f2a59369a22
[INFO ] 2024-08-19 14:04:49.976 [Debugger-worker-4-2] DebugServer - Got applicationId=845c4ac9-9780-48d2-b8b6-5f2a59369a22 for debug from PaaS
[INFO ] 2024-08-19 14:04:49.976 [Debugger-worker-4-2] DebugServer - Registering a new session with id=0f27efb0-c87f-4809-833c-bf33b52a1eea and appId=845c4ac9-9780-48d2-b8b6-5f2a59369a22
[INFO ] 2024-08-19 14:04:49.976 [Debugger-worker-4-2] DebugServer - Session with id=0f27efb0-c87f-4809-833c-bf33b52a1eea for appId=845c4ac9-9780-48d2-b8b6-5f2a59369a22 created.
[INFO ] 2024-08-19 14:04:50.344 [main] DebugServer - Stopping debug server.
[INFO ] 2024-08-19 14:04:50.344 [main] DebugServer - Shutting down connections.
[INFO ] 2024-08-19 14:04:50.576 [Debugger-worker-4-2] DebugServer - Session shutdown successfully: sessionId=0f27efb0-c87f-4809-833c-bf33b52a1eea
[INFO ] 2024-08-19 14:04:50.576 [Debugger-worker-4-2] DebugServer - Channel to Debug Client (IDE) is unregistered: sessionId=0f27efb0-c87f-4809-833c-bf33b52a1eea
[INFO ] 2024-08-19 14:04:50.693 [main] DebugServer - Connections shutdown ok.
[INFO ] 2024-08-19 14:04:50.693 [main] DebugServer - Debug server was stopped.
[INFO ] 2024-08-19 14:04:50.693 [main] c.e.g.e.c.i.p.ConsoleExecutionStep - [ExecuteScript]: done!
[INFO ] 2024-08-19 15:42:05.758 [main] c.e.g.e.c.i.p.ConsoleExecutionStep - [ExecuteScript]: done!
[ERROR] 2024-08-19 15:45:35.169 [main] c.e.g.e.c.i.p.LastStep - Ошибка компиляции скрипта: 4: Не задан тип элемента коллекции "Array<ItemType>"
com.e1c.g5rt.xbsl.compiler.CompilationException: 4: Не задан тип элемента коллекции "Array<ItemType>"
	at com.e1c.g5rt.xbsl.compiler.ModuleBuilder.build(ModuleBuilder.java:129)
	at com.e1c.g5rt.executor.core.internal.command.ExecuteScriptCommand.executeCommand(ExecuteScriptCommand.java:104)
	at com.e1c.g5rt.executor.core.Executor.executeCommand(Executor.java:25)
	at com.e1c.g5rt.executor.client.internal.parser.ConsoleExecutionStep.perform(ConsoleExecutionStep.java:78)
	at com.e1c.g5rt.executor.client.internal.parser.AbstractStep.run(AbstractStep.java:26)
	at com.e1c.g5rt.executor.client.internal.parser.ConsoleExecutionStep.run(ConsoleExecutionStep.java:33)
	at com.e1c.g5rt.executor.client.internal.parser.AbstractStep.run(AbstractStep.java:35)
	at com.e1c.g5rt.executor.client.internal.parser.ParseMethodArgumentsStep.run(ParseMethodArgumentsStep.java:18)
	at com.e1c.g5rt.executor.client.internal.parser.AbstractStep.run(AbstractStep.java:35)
	at com.e1c.g5rt.executor.client.internal.parser.ParseScriptPathAndMethodStep.run(ParseScriptPathAndMethodStep.java:14)
	at com.e1c.g5rt.executor.client.internal.parser.AbstractStep.run(AbstractStep.java:35)
	at com.e1c.g5rt.executor.client.internal.parser.CheckEmptyParamsStep.run(CheckEmptyParamsStep.java:14)
	at com.e1c.g5rt.executor.client.internal.parser.AbstractStep.run(AbstractStep.java:35)
	at com.e1c.g5rt.executor.client.internal.parser.FirstStep.run(FirstStep.java:12)
	at com.e1c.g5rt.executor.client.ConsoleExecutor.run(ConsoleExecutor.java:65)
	at java.base/jdk.internal.reflect.NativeMethodAccessorImpl.invoke0(Native Method)
	at java.base/jdk.internal.reflect.NativeMethodAccessorImpl.invoke(NativeMethodAccessorImpl.java:62)
	at java.base/jdk.internal.reflect.DelegatingMethodAccessorImpl.invoke(DelegatingMethodAccessorImpl.java:43)
	at java.base/java.lang.reflect.Method.invoke(Method.java:566)
	at com.e1c.g5rt.executor.boot.ExecutorBootstrap.boot(ExecutorBootstrap.java:50)
	at com.e1c.g5rt.executor.boot.ExecutorBootstrap.main(ExecutorBootstrap.java:17)
[ERROR] 2024-08-19 15:48:23.299 [main] c.e.g.e.c.i.p.LastStep - Ошибка компиляции скрипта: 4: Не задан тип элемента коллекции "Array<ItemType>"
com.e1c.g5rt.xbsl.compiler.CompilationException: 4: Не задан тип элемента коллекции "Array<ItemType>"
	at com.e1c.g5rt.xbsl.compiler.ModuleBuilder.build(ModuleBuilder.java:129)
	at com.e1c.g5rt.executor.core.internal.command.ExecuteScriptCommand.executeCommand(ExecuteScriptCommand.java:104)
	at com.e1c.g5rt.executor.core.Executor.executeCommand(Executor.java:25)
	at com.e1c.g5rt.executor.client.internal.parser.ConsoleExecutionStep.perform(ConsoleExecutionStep.java:78)
	at com.e1c.g5rt.executor.client.internal.parser.AbstractStep.run(AbstractStep.java:26)
	at com.e1c.g5rt.executor.client.internal.parser.ConsoleExecutionStep.run(ConsoleExecutionStep.java:33)
	at com.e1c.g5rt.executor.client.internal.parser.AbstractStep.run(AbstractStep.java:35)
	at com.e1c.g5rt.executor.client.internal.parser.ParseMethodArgumentsStep.run(ParseMethodArgumentsStep.java:18)
	at com.e1c.g5rt.executor.client.internal.parser.AbstractStep.run(AbstractStep.java:35)
	at com.e1c.g5rt.executor.client.internal.parser.ParseScriptPathAndMethodStep.run(ParseScriptPathAndMethodStep.java:14)
	at com.e1c.g5rt.executor.client.internal.parser.AbstractStep.run(AbstractStep.java:35)
	at com.e1c.g5rt.executor.client.internal.parser.CheckEmptyParamsStep.run(CheckEmptyParamsStep.java:14)
	at com.e1c.g5rt.executor.client.internal.parser.AbstractStep.run(AbstractStep.java:35)
	at com.e1c.g5rt.executor.client.internal.parser.FirstStep.run(FirstStep.java:12)
	at com.e1c.g5rt.executor.client.ConsoleExecutor.run(ConsoleExecutor.java:65)
	at java.base/jdk.internal.reflect.NativeMethodAccessorImpl.invoke0(Native Method)
	at java.base/jdk.internal.reflect.NativeMethodAccessorImpl.invoke(NativeMethodAccessorImpl.java:62)
	at java.base/jdk.internal.reflect.DelegatingMethodAccessorImpl.invoke(DelegatingMethodAccessorImpl.java:43)
	at java.base/java.lang.reflect.Method.invoke(Method.java:566)
	at com.e1c.g5rt.executor.boot.ExecutorBootstrap.boot(ExecutorBootstrap.java:50)
	at com.e1c.g5rt.executor.boot.ExecutorBootstrap.main(ExecutorBootstrap.java:17)
[ERROR] 2024-08-19 15:49:40.899 [main] c.e.g.e.c.i.p.LastStep - Ошибка компиляции скрипта: 15: Ожидается логическое выражение
com.e1c.g5rt.xbsl.compiler.CompilationException: 15: Ожидается логическое выражение
	at com.e1c.g5rt.xbsl.compiler.ModuleBuilder.build(ModuleBuilder.java:129)
	at com.e1c.g5rt.executor.core.internal.command.ExecuteScriptCommand.executeCommand(ExecuteScriptCommand.java:104)
	at com.e1c.g5rt.executor.core.Executor.executeCommand(Executor.java:25)
	at com.e1c.g5rt.executor.client.internal.parser.ConsoleExecutionStep.perform(ConsoleExecutionStep.java:78)
	at com.e1c.g5rt.executor.client.internal.parser.AbstractStep.run(AbstractStep.java:26)
	at com.e1c.g5rt.executor.client.internal.parser.ConsoleExecutionStep.run(ConsoleExecutionStep.java:33)
	at com.e1c.g5rt.executor.client.internal.parser.AbstractStep.run(AbstractStep.java:35)
	at com.e1c.g5rt.executor.client.internal.parser.ParseMethodArgumentsStep.run(ParseMethodArgumentsStep.java:18)
	at com.e1c.g5rt.executor.client.internal.parser.AbstractStep.run(AbstractStep.java:35)
	at com.e1c.g5rt.executor.client.internal.parser.ParseScriptPathAndMethodStep.run(ParseScriptPathAndMethodStep.java:14)
	at com.e1c.g5rt.executor.client.internal.parser.AbstractStep.run(AbstractStep.java:35)
	at com.e1c.g5rt.executor.client.internal.parser.CheckEmptyParamsStep.run(CheckEmptyParamsStep.java:14)
	at com.e1c.g5rt.executor.client.internal.parser.AbstractStep.run(AbstractStep.java:35)
	at com.e1c.g5rt.executor.client.internal.parser.FirstStep.run(FirstStep.java:12)
	at com.e1c.g5rt.executor.client.ConsoleExecutor.run(ConsoleExecutor.java:65)
	at java.base/jdk.internal.reflect.NativeMethodAccessorImpl.invoke0(Native Method)
	at java.base/jdk.internal.reflect.NativeMethodAccessorImpl.invoke(NativeMethodAccessorImpl.java:62)
	at java.base/jdk.internal.reflect.DelegatingMethodAccessorImpl.invoke(DelegatingMethodAccessorImpl.java:43)
	at java.base/java.lang.reflect.Method.invoke(Method.java:566)
	at com.e1c.g5rt.executor.boot.ExecutorBootstrap.boot(ExecutorBootstrap.java:50)
	at com.e1c.g5rt.executor.boot.ExecutorBootstrap.main(ExecutorBootstrap.java:17)
[INFO ] 2024-08-19 15:50:47.890 [main] c.e.g.e.c.i.p.ConsoleExecutionStep - [ExecuteScript]: done!
[ERROR] 2024-08-19 16:06:45.972 [main] c.e.g.e.c.i.p.LastStep - Ошибка компиляции скрипта: 4: Не задан тип элемента коллекции "Array<ItemType>"
com.e1c.g5rt.xbsl.compiler.CompilationException: 4: Не задан тип элемента коллекции "Array<ItemType>"
	at com.e1c.g5rt.xbsl.compiler.ModuleBuilder.build(ModuleBuilder.java:129)
	at com.e1c.g5rt.executor.core.internal.command.ExecuteScriptCommand.executeCommand(ExecuteScriptCommand.java:104)
	at com.e1c.g5rt.executor.core.Executor.executeCommand(Executor.java:25)
	at com.e1c.g5rt.executor.client.internal.parser.ConsoleExecutionStep.perform(ConsoleExecutionStep.java:78)
	at com.e1c.g5rt.executor.client.internal.parser.AbstractStep.run(AbstractStep.java:26)
	at com.e1c.g5rt.executor.client.internal.parser.ConsoleExecutionStep.run(ConsoleExecutionStep.java:33)
	at com.e1c.g5rt.executor.client.internal.parser.AbstractStep.run(AbstractStep.java:35)
	at com.e1c.g5rt.executor.client.internal.parser.ParseMethodArgumentsStep.run(ParseMethodArgumentsStep.java:18)
	at com.e1c.g5rt.executor.client.internal.parser.AbstractStep.run(AbstractStep.java:35)
	at com.e1c.g5rt.executor.client.internal.parser.ParseScriptPathAndMethodStep.run(ParseScriptPathAndMethodStep.java:14)
	at com.e1c.g5rt.executor.client.internal.parser.AbstractStep.run(AbstractStep.java:35)
	at com.e1c.g5rt.executor.client.internal.parser.CheckEmptyParamsStep.run(CheckEmptyParamsStep.java:14)
	at com.e1c.g5rt.executor.client.internal.parser.AbstractStep.run(AbstractStep.java:35)
	at com.e1c.g5rt.executor.client.internal.parser.FirstStep.run(FirstStep.java:12)
	at com.e1c.g5rt.executor.client.ConsoleExecutor.run(ConsoleExecutor.java:65)
	at java.base/jdk.internal.reflect.NativeMethodAccessorImpl.invoke0(Native Method)
	at java.base/jdk.internal.reflect.NativeMethodAccessorImpl.invoke(NativeMethodAccessorImpl.java:62)
	at java.base/jdk.internal.reflect.DelegatingMethodAccessorImpl.invoke(DelegatingMethodAccessorImpl.java:43)
	at java.base/java.lang.reflect.Method.invoke(Method.java:566)
	at com.e1c.g5rt.executor.boot.ExecutorBootstrap.boot(ExecutorBootstrap.java:50)
	at com.e1c.g5rt.executor.boot.ExecutorBootstrap.main(ExecutorBootstrap.java:17)
